<?xml version="1.0" encoding="UTF-8"?>
<!-- Generated by org.testng.reporters.JUnitReportReporter -->
<testsuite hostname="user-PC" failures="0" tests="5" name="ESS_TestCases.leaveRequest" time="1.311" errors="0" timestamp="2021-03-12T12:06:41 IST" skipped="4">
  <testcase classname="ESS_TestCases.leaveRequest" name="advance_search_dates" time="1.311"/>
  <system-out/>
  <testcase classname="ESS_TestCases.leaveRequest" name="advance_search_leavetype">
    <skipped/>
  </testcase> <!-- advance_search_leavetype -->
  <system-out/>
  <testcase classname="ESS_TestCases.leaveRequest" name="cancel_leave">
    <skipped/>
  </testcase> <!-- cancel_leave -->
  <system-out/>
  <testcase classname="ESS_TestCases.leaveRequest" name="view_request">
    <skipped/>
  </testcase> <!-- view_request -->
  <system-out/>
  <testcase classname="ESS_TestCases.leaveRequest" name="add_request">
    <skipped/>
  </testcase> <!-- add_request -->
  <system-out/>
</testsuite> <!-- ESS_TestCases.leaveRequest -->
