<?xml version="1.0" encoding="UTF-8"?>
<!-- Generated by org.testng.reporters.JUnitReportReporter -->
<testsuite hostname="user-PC" failures="0" tests="3" name="ESS_TestCases.leaveRequest" time="6.332" errors="0" timestamp="2021-03-12T10:32:49 IST" skipped="1">
  <testcase classname="ESS_TestCases.leaveRequest" name="view_request" time="5.449"/>
  <system-out/>
  <testcase classname="ESS_TestCases.leaveRequest" name="cancel_leave" time="0.883"/>
  <system-out/>
  <testcase classname="ESS_TestCases.leaveRequest" name="add_request">
    <skipped/>
  </testcase> <!-- add_request -->
  <system-out/>
</testsuite> <!-- ESS_TestCases.leaveRequest -->
