<?xml version="1.0" encoding="UTF-8"?>
<!-- Generated by org.testng.reporters.JUnitReportReporter -->
<testsuite hostname="user-PC" failures="0" tests="1" name="ESS_TestCases.loginVerification" time="10.636" errors="0" timestamp="2021-03-05T18:26:27 IST" skipped="0">
  <testcase classname="ESS_TestCases.loginVerification" name="verify_login" time="10.636"/>
  <system-out/>
</testsuite> <!-- ESS_TestCases.loginVerification -->
