<?xml version="1.0" encoding="UTF-8"?>
<!-- Generated by org.testng.reporters.JUnitReportReporter -->
<testsuite hostname="user-PC" failures="0" tests="2" name="ESS_TestCases.leaveRequest" time="0.811" errors="0" timestamp="2021-03-10T16:50:00 IST" skipped="1">
  <testcase classname="ESS_TestCases.leaveRequest" name="view_request" time="0.811"/>
  <system-out/>
  <testcase classname="ESS_TestCases.leaveRequest" name="add_request">
    <skipped/>
  </testcase> <!-- add_request -->
  <system-out/>
</testsuite> <!-- ESS_TestCases.leaveRequest -->
